# JRE version: Java(TM) SE Runtime Environment (7.0_51-b13) (build 1.7.0_51-b13)
# Java VM: Java HotSpot(TM) 64-Bit Server VM (24.51-b03 mixed mode windows-amd64 compressed oops)
Heap
 PSYoungGen      total 141824K, used 84637K [0x00000007d5a80000, 0x00000007dee80000, 0x0000000800000000)
  eden space 133120K, 58% used [0x00000007d5a80000,0x00000007da6cd6d8,0x00000007ddc80000)
  from space 8704K, 74% used [0x00000007de600000,0x00000007dec5a000,0x00000007dee80000)
  to   space 9216K, 0% used [0x00000007ddc80000,0x00000007ddc80000,0x00000007de580000)
 ParOldGen       total 86528K, used 5868K [0x0000000781000000, 0x0000000786480000, 0x00000007d5a80000)
  object space 86528K, 6% used [0x0000000781000000,0x00000007815bb338,0x0000000786480000)
 PSPermGen       total 25600K, used 25134K [0x000000077be00000, 0x000000077d700000, 0x0000000781000000)
  object space 25600K, 98% used [0x000000077be00000,0x000000077d68b8c8,0x000000077d700000)
GC Heap History (10 events):
Event: 1.535 GC heap before
{Heap before GC invocations=2 (full 0):
 PSYoungGen      total 38400K, used 38388K [0x00000007d5a80000, 0x00000007d8500000, 0x0000000800000000)
  eden space 33280K, 100% used [0x00000007d5a80000,0x00000007d7b00000,0x00000007d7b00000)
  from space 5120K, 99% used [0x00000007d7b00000,0x00000007d7ffd260,0x00000007d8000000)
  to   space 5120K, 0% used [0x00000007d8000000,0x00000007d8000000,0x00000007d8500000)
 ParOldGen       total 86528K, used 126K [0x0000000781000000, 0x0000000786480000, 0x00000007d5a80000)
  object space 86528K, 0% used [0x0000000781000000,0x000000078101fa78,0x0000000786480000)
 PSPermGen       total 21504K, used 10401K [0x000000077be00000, 0x000000077d300000, 0x0000000781000000)
  object space 21504K, 48% used [0x000000077be00000,0x000000077c828778,0x000000077d300000)
Event: 1.554 GC heap after
Heap after GC invocations=2 (full 0):
 PSYoungGen      total 38400K, used 3671K [0x00000007d5a80000, 0x00000007da580000, 0x0000000800000000)
  eden space 33280K, 0% used [0x00000007d5a80000,0x00000007d5a80000,0x00000007d7b00000)
  from space 5120K, 71% used [0x00000007d8000000,0x00000007d8395dd0,0x00000007d8500000)
  to   space 5120K, 0% used [0x00000007d7b00000,0x00000007d7b00000,0x00000007d8000000)
 ParOldGen       total 86528K, used 126K [0x0000000781000000, 0x0000000786480000, 0x00000007d5a80000)
  object space 86528K, 0% used [0x0000000781000000,0x000000078101fa78,0x0000000786480000)
 PSPermGen       total 21504K, used 10401K [0x000000077be00000, 0x000000077d300000, 0x0000000781000000)
  object space 21504K, 48% used [0x000000077be00000,0x000000077c828778,0x000000077d300000)
}
Event: 2.021 GC heap before
{Heap before GC invocations=3 (full 0):
 PSYoungGen      total 38400K, used 36951K [0x00000007d5a80000, 0x00000007da580000, 0x0000000800000000)
  eden space 33280K, 100% used [0x00000007d5a80000,0x00000007d7b00000,0x00000007d7b00000)
  from space 5120K, 71% used [0x00000007d8000000,0x00000007d8395dd0,0x00000007d8500000)
  to   space 5120K, 0% used [0x00000007d7b00000,0x00000007d7b00000,0x00000007d8000000)
 ParOldGen       total 86528K, used 126K [0x0000000781000000, 0x0000000786480000, 0x00000007d5a80000)
  object space 86528K, 0% used [0x0000000781000000,0x000000078101fa78,0x0000000786480000)
 PSPermGen       total 21504K, used 14716K [0x000000077be00000, 0x000000077d300000, 0x0000000781000000)
  object space 21504K, 68% used [0x000000077be00000,0x000000077cc5f028,0x000000077d300000)
Event: 2.031 GC heap after
Heap after GC invocations=3 (full 0):
 PSYoungGen      total 38400K, used 5107K [0x00000007d5a80000, 0x00000007da580000, 0x0000000800000000)
  eden space 33280K, 0% used [0x00000007d5a80000,0x00000007d5a80000,0x00000007d7b00000)
  from space 5120K, 99% used [0x00000007d7b00000,0x00000007d7ffcd00,0x00000007d8000000)
  to   space 5120K, 0% used [0x00000007da080000,0x00000007da080000,0x00000007da580000)
 ParOldGen       total 86528K, used 757K [0x0000000781000000, 0x0000000786480000, 0x00000007d5a80000)
  object space 86528K, 0% used [0x0000000781000000,0x00000007810bd6a0,0x0000000786480000)
 PSPermGen       total 21504K, used 14716K [0x000000077be00000, 0x000000077d300000, 0x0000000781000000)
  object space 21504K, 68% used [0x000000077be00000,0x000000077cc5f028,0x000000077d300000)
}
Event: 2.664 GC heap before
{Heap before GC invocations=4 (full 0):
 PSYoungGen      total 38400K, used 38387K [0x00000007d5a80000, 0x00000007da580000, 0x0000000800000000)
  eden space 33280K, 100% used [0x00000007d5a80000,0x00000007d7b00000,0x00000007d7b00000)
  from space 5120K, 99% used [0x00000007d7b00000,0x00000007d7ffcd00,0x00000007d8000000)
  to   space 5120K, 0% used [0x00000007da080000,0x00000007da080000,0x00000007da580000)
 ParOldGen       total 86528K, used 757K [0x0000000781000000, 0x0000000786480000, 0x00000007d5a80000)
  object space 86528K, 0% used [0x0000000781000000,0x00000007810bd6a0,0x0000000786480000)
 PSPermGen       total 21504K, used 19273K [0x000000077be00000, 0x000000077d300000, 0x0000000781000000)
  object space 21504K, 89% used [0x000000077be00000,0x000000077d0d2738,0x000000077d300000)
Event: 2.674 GC heap after
Heap after GC invocations=4 (full 0):
 PSYoungGen      total 71680K, used 5106K [0x00000007d5a80000, 0x00000007da580000, 0x0000000800000000)
  eden space 66560K, 0% used [0x00000007d5a80000,0x00000007d5a80000,0x00000007d9b80000)
  from space 5120K, 99% used [0x00000007da080000,0x00000007da57c900,0x00000007da580000)
  to   space 5120K, 0% used [0x00000007d9b80000,0x00000007d9b80000,0x00000007da080000)
 ParOldGen       total 86528K, used 2612K [0x0000000781000000, 0x0000000786480000, 0x00000007d5a80000)
  object space 86528K, 3% used [0x0000000781000000,0x000000078128d3b0,0x0000000786480000)
 PSPermGen       total 21504K, used 19273K [0x000000077be00000, 0x000000077d300000, 0x0000000781000000)
  object space 21504K, 89% used [0x000000077be00000,0x000000077d0d2738,0x000000077d300000)
}
Event: 3.605 GC heap before
{Heap before GC invocations=5 (full 0):
 PSYoungGen      total 71680K, used 71666K [0x00000007d5a80000, 0x00000007da580000, 0x0000000800000000)
  eden space 66560K, 100% used [0x00000007d5a80000,0x00000007d9b80000,0x00000007d9b80000)
  from space 5120K, 99% used [0x00000007da080000,0x00000007da57c900,0x00000007da580000)
  to   space 5120K, 0% used [0x00000007d9b80000,0x00000007d9b80000,0x00000007da080000)
 ParOldGen       total 86528K, used 2612K [0x0000000781000000, 0x0000000786480000, 0x00000007d5a80000)
  object space 86528K, 3% used [0x0000000781000000,0x000000078128d3b0,0x0000000786480000)
 PSPermGen       total 23552K, used 23093K [0x000000077be00000, 0x000000077d500000, 0x0000000781000000)
  object space 23552K, 98% used [0x000000077be00000,0x000000077d48d4d8,0x000000077d500000)
Event: 3.616 GC heap after
Heap after GC invocations=5 (full 0):
 PSYoungGen      total 71680K, used 5112K [0x00000007d5a80000, 0x00000007def80000, 0x0000000800000000)
  eden space 66560K, 0% used [0x00000007d5a80000,0x00000007d5a80000,0x00000007d9b80000)
  from space 5120K, 99% used [0x00000007d9b80000,0x00000007da07e0a8,0x00000007da080000)
  to   space 9728K, 0% used [0x00000007de600000,0x00000007de600000,0x00000007def80000)
 ParOldGen       total 86528K, used 5868K [0x0000000781000000, 0x0000000786480000, 0x00000007d5a80000)
  object space 86528K, 6% used [0x0000000781000000,0x00000007815bb338,0x0000000786480000)
 PSPermGen       total 23552K, used 23093K [0x000000077be00000, 0x000000077d500000, 0x0000000781000000)
  object space 23552K, 98% used [0x000000077be00000,0x000000077d48d4d8,0x000000077d500000)
}
Event: 4.047 GC heap before
{Heap before GC invocations=6 (full 0):
 PSYoungGen      total 71680K, used 71672K [0x00000007d5a80000, 0x00000007def80000, 0x0000000800000000)
  eden space 66560K, 100% used [0x00000007d5a80000,0x00000007d9b80000,0x00000007d9b80000)
  from space 5120K, 99% used [0x00000007d9b80000,0x00000007da07e0a8,0x00000007da080000)
  to   space 9728K, 0% used [0x00000007de600000,0x00000007de600000,0x00000007def80000)
 ParOldGen       total 86528K, used 5868K [0x0000000781000000, 0x0000000786480000, 0x00000007d5a80000)
  object space 86528K, 6% used [0x0000000781000000,0x00000007815bb338,0x0000000786480000)
 PSPermGen       total 24576K, used 24407K [0x000000077be00000, 0x000000077d600000, 0x0000000781000000)
  object space 24576K, 99% used [0x000000077be00000,0x000000077d5d5c28,0x000000077d600000)
Event: 4.058 GC heap after
Heap after GC invocations=6 (full 0):
 PSYoungGen      total 141824K, used 6504K [0x00000007d5a80000, 0x00000007dee80000, 0x0000000800000000)
  eden space 133120K, 0% used [0x00000007d5a80000,0x00000007d5a80000,0x00000007ddc80000)
  from space 8704K, 74% used [0x00000007de600000,0x00000007dec5a000,0x00000007dee80000)
  to   space 9216K, 0% used [0x00000007ddc80000,0x00000007ddc80000,0x00000007de580000)
 ParOldGen       total 86528K, used 5868K [0x0000000781000000, 0x0000000786480000, 0x00000007d5a80000)
  object space 86528K, 6% used [0x0000000781000000,0x00000007815bb338,0x0000000786480000)
 PSPermGen       total 24576K, used 24407K [0x000000077be00000, 0x000000077d600000, 0x0000000781000000)
  object space 24576K, 99% used [0x000000077be00000,0x000000077d5d5c28,0x000000077d600000)
}

