<?xml version="1.0" encoding="UTF-8" ?>
<testsuite failures="0" time="0.019" errors="0" skipped="0" tests="3" name="com.systemsinmotion.orgchart.service.EmployeeServiceTest">
  <properties>
[...]
</properties>
  <testcase time="0.014" classname="com.systemsinmotion.orgchart.service.EmployeeServiceTest" name="findByID"/>
  <testcase time="0.001" classname="com.systemsinmotion.orgchart.service.EmployeeServiceTest" name="findEmployees"/>
  <testcase time="0.001" classname="com.systemsinmotion.orgchart.service.EmployeeServiceTest" name="shouldCallSaveMethodinEmployeeDAO"/>
</testsuite>